# Домашнее задание к занятию «Индексы»

---
## Задание 1
### Задание
Напишите запрос к учебной базе данных, который вернёт процентное отношение общего размера всех индексов к общему размеру всех таблиц.

### Ответ
```sql
mysql> SELECT
    ->     (SUM(index_length) / SUM(data_length + index_length)) * 100 AS index_to_table_size_ratio
    -> FROM
    ->     information_schema.TABLES
    -> WHERE
    ->     table_schema = 'sakila';
+---------------------------+
| index_to_table_size_ratio |
+---------------------------+
|                   35.3511 |
+---------------------------+
1 row in set (0.00 sec)
```
---

## Задание 2
### Задание
Выполните explain analyze следующего запроса:
```sql
select distinct concat(c.last_name, ' ', c.first_name), sum(p.amount) over (partition by c.customer_id, f.title)
from payment p, rental r, customer c, inventory i, film f
where date(p.payment_date) = '2005-07-30' and p.payment_date = r.rental_date and r.customer_id = c.customer_id and i.inventory_id = r.inventory_id
```
- перечислите узкие места;
- оптимизируйте запрос: внесите корректировки по использованию операторов, при необходимости добавьте индексы.

### Ответ
#### Результат оригинального запроса
```sql
+----------------------------------------+----------------------------------------------------------+
| concat(c.last_name, ' ', c.first_name) | sum(p.amount) over (partition by c.customer_id, f.title) |
+----------------------------------------+----------------------------------------------------------+
| JOHNSON PATRICIA                       |                                                    30.95 |
...
| CINTRON AUSTIN                         |                                                     6.99 |
+----------------------------------------+----------------------------------------------------------+
391 rows in set (11.48 sec)

| -> Table scan on <temporary>  (cost=2.5..2.5 rows=0) (actual time=5960..5960 rows=391 loops=1)
    -> Temporary table with deduplication  (cost=0..0 rows=0) (actual time=5960..5960 rows=391 loops=1)
        -> Window aggregate with buffering: sum(payment.amount) OVER (PARTITION BY c.customer_id,f.title )   (actual time=2463..5761 rows=642000 loops=1)
            -> Sort: c.customer_id, f.title  (actual time=2463..2525 rows=642000 loops=1)
                -> Stream results  (cost=21.1e+6 rows=15.6e+6) (actual time=0.398..1894 rows=642000 loops=1)
                    -> Nested loop inner join  (cost=21.1e+6 rows=15.6e+6) (actual time=0.391..1636 rows=642000 loops=1)
                        -> Nested loop inner join  (cost=19.6e+6 rows=15.6e+6) (actual time=0.387..1424 rows=642000 loops=1)
                            -> Nested loop inner join  (cost=18e+6 rows=15.6e+6) (actual time=0.379..1204 rows=642000 loops=1)
                                -> Inner hash join (no condition)  (cost=1.54e+6 rows=15.4e+6) (actual time=0.363..43.2 rows=634000 loops=1)
                                    -> Filter: (cast(p.payment_date as date) = '2005-07-30')  (cost=1.61 rows=15400) (actual time=0.0314..6.08 rows=634 loops=1)
                                        -> Table scan on p  (cost=1.61 rows=15400) (actual time=0.0204..4.47 rows=16044 loops=1)
                                    -> Hash
                                        -> Covering index scan on f using idx_title  (cost=103 rows=1000) (actual time=0.07..0.257 rows=1000 loops=1)
                                -> Covering index lookup on r using rental_date (rental_date=p.payment_date)  (cost=0.969 rows=1.01) (actual time=0.00119..0.00168 rows=1.01 loops=634000)
                            -> Single-row index lookup on c using PRIMARY (customer_id=r.customer_id)  (cost=250e-6 rows=1) (actual time=165e-6..190e-6 rows=1 loops=642000)
                        -> Single-row covering index lookup on i using PRIMARY (inventory_id=r.inventory_id)  (cost=250e-6 rows=1) (actual time=139e-6..165e-6 rows=1 loops=642000)
 |
```
#### Потенциальные узкие места
* Выполнение date над каждой payment_date
* Декартово произведение таблиц
* Неясная логика объединений
* Отсутствие индексов
#### Результат оптимизированного запроса
Добавил индекс
```sql
mysql> select index_name from information_schema.statistics where table_name='payment' limit 1 offset 4;
+-------------------+
| INDEX_NAME        |
+-------------------+
| user_payment_date |
+-------------------+
1 row in set (0.00 sec)
```

Переписал запрос
```sql
mysql> select distinct c.customer_id, concat(c.last_name, ' ', c.first_name) as cust_name, sum(p.amount) from customer c inner join payment p on c.customer_id=p.customer_id where date(p.payment_date)='2005-07-30' group by c.customer_id;
+-------------+--------------------+---------------+
| customer_id | cust_name          | sum(p.amount) |
+-------------+--------------------+---------------+
|           2 | JOHNSON PATRICIA   |         30.95 |
...
|         599 | CINTRON AUSTIN     |          6.99 |
+-------------+--------------------+---------------+
391 rows in set (0.01 sec)

| -> Group aggregate: sum(p.amount)  (cost=6991 rows=599) (actual time=0.207..17.9 rows=391 loops=1)
    -> Nested loop inner join  (cost=5451 rows=15400) (actual time=0.166..17.7 rows=634 loops=1)
        -> Index scan on c using PRIMARY  (cost=61.2 rows=599) (actual time=0.0666..0.246 rows=599 loops=1)
        -> Filter: (cast(p.payment_date as date) = '2005-07-30')  (cost=6.43 rows=25.7) (actual time=0.0258..0.0288 rows=1.06 loops=599)
            -> Index lookup on p using idx_fk_customer_id (customer_id=c.customer_id)  (cost=6.43 rows=25.7) (actual time=0.0224..0.0266 rows=26.8 loops=599)
 |
```